2024-08-18T18:35:45.578Z - debug - Executing (default): SELECT count(*) AS "count" FROM "Shapes" AS "Shape";
2024-08-18T18:35:45.584Z - debug - Executing (default): SELECT "id", "type", "coordinates", "radius", "name", "description", "userId", "createdAt", "updatedAt" FROM "Shapes" AS "Shape" ORDER BY "Shape"."createdAt" DESC LIMIT 18 OFFSET 0;
2024-08-18T18:36:02.776Z - debug - Executing (default): SELECT count(*) AS "count" FROM "Shapes" AS "Shape";
2024-08-18T18:36:02.781Z - debug - Executing (default): SELECT "id", "type", "coordinates", "radius", "name", "description", "userId", "createdAt", "updatedAt" FROM "Shapes" AS "Shape" ORDER BY "Shape"."createdAt" DESC LIMIT 18 OFFSET 0;
2024-08-18T18:36:11.789Z - debug - Executing (default): SELECT count(*) AS "count" FROM "Shapes" AS "Shape";
2024-08-18T18:36:11.790Z - debug - Executing (default): SELECT "id", "type", "coordinates", "radius", "name", "description", "userId", "createdAt", "updatedAt" FROM "Shapes" AS "Shape" ORDER BY "Shape"."createdAt" DESC LIMIT 18 OFFSET 0;
2024-08-18T18:36:17.995Z - debug - Executing (default): SELECT count(*) AS "count" FROM "Shapes" AS "Shape";
2024-08-18T18:36:17.995Z - debug - Executing (default): SELECT "id", "type", "coordinates", "radius", "name", "description", "userId", "createdAt", "updatedAt" FROM "Shapes" AS "Shape" ORDER BY "Shape"."createdAt" DESC LIMIT 18 OFFSET 0;
2024-08-22T20:19:32.543Z - debug - Executing (default): SELECT count(*) AS "count" FROM "Shapes" AS "Shape";
2024-08-22T20:19:32.554Z - debug - Executing (default): SELECT "id", "type", "coordinates", "radius", "name", "description", "userId", "createdAt", "updatedAt" FROM "Shapes" AS "Shape" ORDER BY "Shape"."createdAt" DESC LIMIT 18 OFFSET 0;
2024-08-22T20:26:45.541Z - debug - Executing (default): SELECT count(*) AS "count" FROM "Shapes" AS "Shape";
2024-08-22T20:26:45.545Z - debug - Executing (default): SELECT "id", "type", "coordinates", "radius", "name", "description", "userId", "createdAt", "updatedAt" FROM "Shapes" AS "Shape" ORDER BY "Shape"."createdAt" DESC LIMIT 18 OFFSET 0;
2024-08-22T20:31:58.984Z - debug - Executing (default): SELECT count(*) AS "count" FROM "Shapes" AS "Shape";
2024-08-22T20:31:58.987Z - debug - Executing (default): SELECT "id", "type", "coordinates", "radius", "name", "description", "userId", "createdAt", "updatedAt" FROM "Shapes" AS "Shape" ORDER BY "Shape"."createdAt" DESC LIMIT 18 OFFSET 0;
2024-08-22T20:33:38.804Z - debug - Executing (default): SELECT count(*) AS "count" FROM "Shapes" AS "Shape";
2024-08-22T20:33:38.806Z - debug - Executing (default): SELECT "id", "type", "coordinates", "radius", "name", "description", "userId", "createdAt", "updatedAt" FROM "Shapes" AS "Shape" ORDER BY "Shape"."createdAt" DESC LIMIT 18 OFFSET 0;
2024-08-22T20:34:18.685Z - debug - Executing (default): SELECT count(*) AS "count" FROM "Shapes" AS "Shape";
2024-08-22T20:34:18.689Z - debug - Executing (default): SELECT "id", "type", "coordinates", "radius", "name", "description", "userId", "createdAt", "updatedAt" FROM "Shapes" AS "Shape" ORDER BY "Shape"."createdAt" DESC LIMIT 18 OFFSET 0;
2024-08-22T20:37:47.420Z - debug - Executing (default): SELECT count(*) AS "count" FROM "Shapes" AS "Shape";
2024-08-22T20:37:47.423Z - debug - Executing (default): SELECT "id", "type", "coordinates", "radius", "name", "description", "userId", "createdAt", "updatedAt" FROM "Shapes" AS "Shape" ORDER BY "Shape"."createdAt" DESC LIMIT 18 OFFSET 0;
2024-08-22T20:39:27.224Z - debug - Executing (default): SELECT count(*) AS "count" FROM "Shapes" AS "Shape";
2024-08-22T20:39:27.230Z - debug - Executing (default): SELECT "id", "type", "coordinates", "radius", "name", "description", "userId", "createdAt", "updatedAt" FROM "Shapes" AS "Shape" ORDER BY "Shape"."createdAt" DESC LIMIT 18 OFFSET 0;
2024-08-22T20:40:01.694Z - debug - Executing (default): SELECT count(*) AS "count" FROM "Shapes" AS "Shape";
2024-08-22T20:40:01.700Z - debug - Executing (default): SELECT "id", "type", "coordinates", "radius", "name", "description", "userId", "createdAt", "updatedAt" FROM "Shapes" AS "Shape" ORDER BY "Shape"."createdAt" DESC LIMIT 18 OFFSET 0;
2024-08-22T20:40:44.757Z - debug - Executing (default): SELECT count(*) AS "count" FROM "Shapes" AS "Shape";
2024-08-22T20:40:44.760Z - debug - Executing (default): SELECT "id", "type", "coordinates", "radius", "name", "description", "userId", "createdAt", "updatedAt" FROM "Shapes" AS "Shape" ORDER BY "Shape"."createdAt" DESC LIMIT 18 OFFSET 0;
2024-08-22T20:43:15.776Z - debug - Executing (default): SELECT count(*) AS "count" FROM "Shapes" AS "Shape";
2024-08-22T20:43:15.780Z - debug - Executing (default): SELECT "id", "type", "coordinates", "radius", "name", "description", "userId", "createdAt", "updatedAt" FROM "Shapes" AS "Shape" ORDER BY "Shape"."createdAt" DESC LIMIT 18 OFFSET 0;
2024-08-22T20:43:43.381Z - debug - Executing (default): SELECT count(*) AS "count" FROM "Shapes" AS "Shape";
2024-08-22T20:43:43.385Z - debug - Executing (default): SELECT "id", "type", "coordinates", "radius", "name", "description", "userId", "createdAt", "updatedAt" FROM "Shapes" AS "Shape" ORDER BY "Shape"."createdAt" DESC LIMIT 18 OFFSET 0;
2024-08-22T20:44:15.508Z - debug - Executing (default): SELECT count(*) AS "count" FROM "Shapes" AS "Shape";
2024-08-22T20:44:15.511Z - debug - Executing (default): SELECT "id", "type", "coordinates", "radius", "name", "description", "userId", "createdAt", "updatedAt" FROM "Shapes" AS "Shape" ORDER BY "Shape"."createdAt" DESC LIMIT 18 OFFSET 0;
2024-08-22T20:44:33.941Z - debug - Executing (default): SELECT count(*) AS "count" FROM "Shapes" AS "Shape";
2024-08-22T20:44:33.946Z - debug - Executing (default): SELECT "id", "type", "coordinates", "radius", "name", "description", "userId", "createdAt", "updatedAt" FROM "Shapes" AS "Shape" ORDER BY "Shape"."createdAt" DESC LIMIT 18 OFFSET 0;
2024-08-22T20:44:59.619Z - debug - Executing (default): SELECT count(*) AS "count" FROM "Shapes" AS "Shape";
2024-08-22T20:44:59.623Z - debug - Executing (default): SELECT "id", "type", "coordinates", "radius", "name", "description", "userId", "createdAt", "updatedAt" FROM "Shapes" AS "Shape" ORDER BY "Shape"."createdAt" DESC LIMIT 18 OFFSET 0;
2024-08-22T20:45:18.249Z - debug - Executing (default): SELECT count(*) AS "count" FROM "Shapes" AS "Shape";
2024-08-22T20:45:18.252Z - debug - Executing (default): SELECT "id", "type", "coordinates", "radius", "name", "description", "userId", "createdAt", "updatedAt" FROM "Shapes" AS "Shape" ORDER BY "Shape"."createdAt" DESC LIMIT 18 OFFSET 0;
2024-08-22T20:57:30.695Z - debug - Executing (default): SELECT count(*) AS "count" FROM "Shapes" AS "Shape";
2024-08-22T20:57:30.699Z - debug - Executing (default): SELECT "id", "type", "coordinates", "radius", "name", "description", "userId", "createdAt", "updatedAt" FROM "Shapes" AS "Shape" ORDER BY "Shape"."createdAt" DESC LIMIT 18 OFFSET 0;
2024-08-22T20:57:51.515Z - debug - Executing (default): INSERT INTO "Shapes" ("id","type","coordinates","name","description","userId","createdAt","updatedAt") VALUES (DEFAULT,$1,$2,$3,$4,$5,$6,$7) RETURNING "id","type","coordinates","radius","name","description","userId","createdAt","updatedAt";
2024-08-22T20:57:53.417Z - debug - Executing (default): SELECT count(*) AS "count" FROM "Shapes" AS "Shape";
2024-08-22T20:57:53.422Z - debug - Executing (default): SELECT "id", "type", "coordinates", "radius", "name", "description", "userId", "createdAt", "updatedAt" FROM "Shapes" AS "Shape" ORDER BY "Shape"."createdAt" DESC LIMIT 18 OFFSET 0;
2024-09-07T19:40:50.701Z - debug - Executing (default): SELECT count(*) AS "count" FROM "Shapes" AS "Shape";
2024-09-07T19:40:50.705Z - debug - Executing (default): SELECT "id", "type", "coordinates", "radius", "name", "description", "userId", "createdAt", "updatedAt" FROM "Shapes" AS "Shape" ORDER BY "Shape"."createdAt" DESC LIMIT 18 OFFSET 0;
2024-09-19T08:00:20.378Z - debug - Executing (default): SELECT count(*) AS "count" FROM "Shapes" AS "Shape";
2024-09-19T08:00:20.396Z - debug - Executing (default): SELECT "id", "type", "coordinates", "radius", "name", "description", "userId", "createdAt", "updatedAt" FROM "Shapes" AS "Shape" ORDER BY "Shape"."createdAt" DESC LIMIT 18 OFFSET 0;
2024-09-19T08:01:02.294Z - debug - Executing (default): SELECT "id", "type", "coordinates", "radius", "name", "description", "userId", "createdAt", "updatedAt" FROM "Shapes" AS "Shape" WHERE "Shape"."id" = '20';
2024-09-19T08:01:02.298Z - debug - Executing (default): DELETE FROM "Shapes" WHERE "id" = 20
